2022-12-02 20:27:23,885 INFO d.t.BaseTest [main] env = chrome
2022-12-02 20:27:23,887 INFO d.t.BaseTest [main] pls = normal
2022-12-02 20:27:25,246 INFO d.d.WebDriverFactory [main] Р”СЂР°Р№РІРµСЂ РґР»СЏ Р±СЂР°СѓР·РµСЂР° Google Chrome
2022-12-02 20:27:25,254 INFO d.d.WebDriverFactory [main] PageLoadStrategy - normal
2022-12-02 20:27:26,660 INFO d.t.BaseTest [main] Р”СЂР°Р№РІРµСЂ СЃС‚Р°СЂС‚РѕРІР°Р»!
2022-12-02 20:27:29,013 INFO d.p.AppliancesPage [main] РћС‚РєСЂС‹С‚Р° СЃС‚СЂР°РЅРёС†Р° https://www.dns-shop.ru/
2022-12-02 20:27:29,023 INFO d.t.d.HW01Case01Test [main] Р—Р°РіРѕР»РѕРІРѕРє СЃС‚СЂР°РЅРёС†С‹ - DNS вЂ“ РёРЅС‚РµСЂРЅРµС‚ РјР°РіР°Р·РёРЅ С†РёС„СЂРѕРІРѕР№ Рё Р±С‹С‚РѕРІРѕР№ С‚РµС…РЅРёРєРё РїРѕ РґРѕСЃС‚СѓРїРЅС‹Рј С†РµРЅР°Рј.
2022-12-02 20:27:29,059 INFO d.t.d.HW01Case01Test [main] РўРµРєСѓС‰РёР№ URL - https://www.dns-shop.ru/
2022-12-02 20:27:29,065 INFO d.t.d.HW01Case01Test [main] Р Р°Р·РјРµСЂС‹ РѕРєРЅР° Р±СЂР°СѓР·РµСЂР° - (1536, 864)
2022-12-02 20:27:32,774 INFO d.p.AppliancesPage [main] РўРµС…РЅРёРєР° РґР»СЏ РєСѓС…РЅРё - РџР»РёС‚С‹ Рё РїРµС‡Рё
2022-12-02 20:27:32,790 INFO d.p.AppliancesPage [main] РўРµС…РЅРёРєР° РґР»СЏ РєСѓС…РЅРё - РҐРѕР»РѕРґРёР»СЊРЅРѕРµ РѕР±РѕСЂСѓРґРѕРІР°РЅРёРµ
2022-12-02 20:27:32,804 INFO d.p.AppliancesPage [main] РўРµС…РЅРёРєР° РґР»СЏ РєСѓС…РЅРё - РџРѕСЃСѓРґРѕРјРѕРµС‡РЅС‹Рµ РјР°С€РёРЅС‹
2022-12-02 20:27:32,816 INFO d.p.AppliancesPage [main] РўРµС…РЅРёРєР° РґР»СЏ РєСѓС…РЅРё - РџСЂРёРіРѕС‚РѕРІР»РµРЅРёРµ РЅР°РїРёС‚РєРѕРІ
2022-12-02 20:27:32,874 INFO d.p.AppliancesPage [main] РўРµС…РЅРёРєР° РґР»СЏ РєСѓС…РЅРё - РќР°СЂРµР·РєР° Рё СЃРјРµС€РёРІР°РЅРёРµ
2022-12-02 20:27:32,896 INFO d.p.AppliancesPage [main] РўРµС…РЅРёРєР° РґР»СЏ РєСѓС…РЅРё - Р“СЂРёР»Рё, СЃСЌРЅРґРІРёС‡РЅРёС†С‹, С€Р°С€Р»С‹С‡РЅРёС†С‹
2022-12-02 20:27:32,914 INFO d.p.AppliancesPage [main] РўРµС…РЅРёРєР° РґР»СЏ РєСѓС…РЅРё - Р¤СЂРёС‚СЋСЂРЅРёС†С‹ Рё С‚РѕСЃС‚РµСЂС‹
2022-12-02 20:27:32,924 INFO d.p.AppliancesPage [main] РўРµС…РЅРёРєР° РґР»СЏ РєСѓС…РЅРё - РњСѓР»СЊС‚РёРІР°СЂРєРё Рё С‚РµС…РЅРёРєР° РґР»СЏ РІР°СЂРєРё
2022-12-02 20:27:32,935 INFO d.p.AppliancesPage [main] РўРµС…РЅРёРєР° РґР»СЏ РєСѓС…РЅРё - РџСЂРёРіРѕС‚РѕРІР»РµРЅРёРµ РґРµСЃРµСЂС‚РѕРІ
2022-12-02 20:27:32,946 INFO d.p.AppliancesPage [main] РўРµС…РЅРёРєР° РґР»СЏ РєСѓС…РЅРё - Р’Р°РєСѓСѓРјРЅР°СЏ СѓРїР°РєРѕРІРєР°
2022-12-02 20:27:32,959 INFO d.p.AppliancesPage [main] РўРµС…РЅРёРєР° РґР»СЏ РєСѓС…РЅРё - РР·РјРµСЂРµРЅРёСЏ
2022-12-02 20:27:32,971 INFO d.p.AppliancesPage [main] РўРµС…РЅРёРєР° РґР»СЏ РєСѓС…РЅРё - РР·РјРµР»СЊС‡РёС‚РµР»Рё РїРёС‰РµРІС‹С… РѕС‚С…РѕРґРѕРІ
2022-12-02 20:27:32,984 INFO d.p.AppliancesPage [main] РўРµС…РЅРёРєР° РґР»СЏ РєСѓС…РЅРё - РџСЂРѕС‡Р°СЏ С‚РµС…РЅРёРєР° РґР»СЏ РєСѓС…РЅРё
2022-12-02 20:27:32,995 INFO d.p.AppliancesPage [main] РўРµС…РЅРёРєР° РґР»СЏ РєСѓС…РЅРё - РџРѕСЃСѓРґР° Рё РєСѓС…РѕРЅРЅС‹Рµ РїСЂРµРґРјРµС‚С‹
2022-12-02 20:27:33,046 INFO d.t.d.m.AppliancesPageMatcher [main] РџСЂРѕРІРµСЂРєР° РЅР° РѕС‚РѕР±СЂР°Р¶РµРЅРёСЏ С‚РµРєСЃС‚Р° Р‘С‹С‚РѕРІР°СЏ С‚РµС…РЅРёРєР° - РїСЂРѕР№РґРµРЅР°!
2022-12-02 20:27:33,046 INFO d.t.d.m.KitchenAppliancesPageMatcher [main] РџСЂРѕРІРµСЂРєР° РЅР° РѕС‚РѕР±СЂР°Р¶РµРЅРёСЏ С‚РµРєСЃС‚Р° РўРµС…РЅРёРєР° РґР»СЏ РєСѓС…РЅРё - РїСЂРѕР№РґРµРЅР°!
2022-12-02 20:27:33,046 INFO d.t.d.m.KitchenAppliancesPageMatcher [main] РџСЂРѕРІРµСЂРєР° РЅР° РѕС‚РѕР±СЂР°Р¶РµРЅРёСЏ СЃСЃС‹Р»РєРё РЎРѕР±СЂР°С‚СЊ СЃРІРѕСЋ РєСѓС…РЅСЋ - РїСЂРѕР№РґРµРЅР°!
2022-12-02 20:27:33,047 INFO d.t.d.m.KitchenAppliancesPageMatcher [main] РџСЂРѕРІРµСЂРєР° РЅР° РєРѕР»РёС‡РµСЃС‚РІРѕ РєР°С‚РµРіРѕСЂРёР№ СЂР°Р·РґРµР»Р° РўРµС…РЅРёРєР° РґР»СЏ РєСѓС…РЅРё  - РїСЂРѕР№РґРµРЅР°!
2022-12-02 20:27:33,049 INFO d.t.BaseTest [main] Р”СЂР°Р№РІРµСЂ РѕСЃС‚Р°РЅРѕРІР»РµРЅ!
2022-12-02 20:28:33,692 INFO d.t.BaseTest [main] env = chrome
2022-12-02 20:28:33,695 INFO d.t.BaseTest [main] pls = normal
2022-12-02 20:28:33,990 INFO d.d.WebDriverFactory [main] Р”СЂР°Р№РІРµСЂ РґР»СЏ Р±СЂР°СѓР·РµСЂР° Google Chrome
2022-12-02 20:28:33,996 INFO d.d.WebDriverFactory [main] PageLoadStrategy - normal
2022-12-02 20:28:35,359 INFO d.t.BaseTest [main] Р”СЂР°Р№РІРµСЂ СЃС‚Р°СЂС‚РѕРІР°Р»!
2022-12-02 20:28:37,549 INFO d.p.AppliancesPage [main] РћС‚РєСЂС‹С‚Р° СЃС‚СЂР°РЅРёС†Р° https://www.dns-shop.ru/
2022-12-02 20:28:39,213 INFO d.p.AppliancesPage [main] Р‘С‹С‚РѕРІР°СЏ С‚РµС…РЅРёРєР° - Р’СЃС‚СЂР°РёРІР°РµРјР°СЏ С‚РµС…РЅРёРєР°
2022-12-02 20:28:39,248 INFO d.p.AppliancesPage [main] Р‘С‹С‚РѕРІР°СЏ С‚РµС…РЅРёРєР° - РўРµС…РЅРёРєР° РґР»СЏ РєСѓС…РЅРё
2022-12-02 20:28:39,283 INFO d.p.AppliancesPage [main] Р‘С‹С‚РѕРІР°СЏ С‚РµС…РЅРёРєР° - РўРµС…РЅРёРєР° РґР»СЏ РґРѕРјР°
2022-12-02 20:28:40,053 INFO d.t.d.HW01Case02Test [main] РҐРѕР»РѕРґРёР»СЊРЅРѕРµ РѕР±РѕСЂСѓРґРѕРІР°РЅРёРµ - РҐРѕР»РѕРґРёР»СЊРЅРёРєРё1054
2022-12-02 20:28:40,054 INFO d.t.d.HW01Case02Test [main] РҐРѕР»РѕРґРёР»СЊРЅРѕРµ РѕР±РѕСЂСѓРґРѕРІР°РЅРёРµ - РҐРѕР»РѕРґРёР»СЊРЅС‹Рµ РІРёС‚СЂРёРЅС‹15
2022-12-02 20:28:40,054 INFO d.t.d.HW01Case02Test [main] РҐРѕР»РѕРґРёР»СЊРЅРѕРµ РѕР±РѕСЂСѓРґРѕРІР°РЅРёРµ - Р’СЃС‚СЂР°РёРІР°РµРјС‹Рµ С…РѕР»РѕРґРёР»СЊРЅРёРєРё92
2022-12-02 20:28:40,054 INFO d.t.d.HW01Case02Test [main] РҐРѕР»РѕРґРёР»СЊРЅРѕРµ РѕР±РѕСЂСѓРґРѕРІР°РЅРёРµ - РњРѕСЂРѕР·РёР»СЊРЅС‹Рµ С€РєР°С„С‹155
2022-12-02 20:28:40,054 INFO d.t.d.HW01Case02Test [main] РҐРѕР»РѕРґРёР»СЊРЅРѕРµ РѕР±РѕСЂСѓРґРѕРІР°РЅРёРµ - РњРѕСЂРѕР·РёР»СЊРЅС‹Рµ Р»Р°СЂРё165
2022-12-02 20:28:40,054 INFO d.t.d.HW01Case02Test [main] РҐРѕР»РѕРґРёР»СЊРЅРѕРµ РѕР±РѕСЂСѓРґРѕРІР°РЅРёРµ - Р’СЃС‚СЂР°РёРІР°РµРјС‹Рµ РјРѕСЂРѕР·РёР»СЊРЅС‹Рµ С€РєР°С„С‹17
2022-12-02 20:28:40,054 INFO d.t.d.HW01Case02Test [main] РҐРѕР»РѕРґРёР»СЊРЅРѕРµ РѕР±РѕСЂСѓРґРѕРІР°РЅРёРµ - Р’РёРЅРЅС‹Рµ С€РєР°С„С‹113
2022-12-02 20:28:40,055 INFO d.t.d.HW01Case02Test [main] РҐРѕР»РѕРґРёР»СЊРЅРѕРµ РѕР±РѕСЂСѓРґРѕРІР°РЅРёРµ - Р’СЃС‚СЂР°РёРІР°РµРјС‹Рµ РІРёРЅРЅС‹Рµ С€РєР°С„С‹41
2022-12-02 20:28:40,055 INFO d.t.d.HW01Case02Test [main] РҐРѕР»РѕРґРёР»СЊРЅРѕРµ РѕР±РѕСЂСѓРґРѕРІР°РЅРёРµ - РђРєСЃРµСЃСЃСѓР°СЂС‹ Рє С…РѕР»РѕРґРёР»СЊРЅРёРєР°Рј72
2022-12-02 20:28:40,055 INFO d.t.d.HW01Case02Test [main] РҐРѕР»РѕРґРёР»СЊРЅРѕРµ РѕР±РѕСЂСѓРґРѕРІР°РЅРёРµ - РҐРѕР»РѕРґРёР»СЊРЅРёРєРё Р°РІС‚РѕРјРѕР±РёР»СЊРЅС‹Рµ53
2022-12-02 20:28:40,055 INFO d.t.d.HW01Case02Test [main] РҐРѕР»РѕРґРёР»СЊРЅРѕРµ РѕР±РѕСЂСѓРґРѕРІР°РЅРёРµ - Р“РµРЅРµСЂР°С‚РѕСЂС‹ Р»СЊРґР°6
2022-12-02 20:28:40,055 INFO d.t.d.HW01Case02Test [main] РҐРѕР»РѕРґРёР»СЊРЅРѕРµ РѕР±РѕСЂСѓРґРѕРІР°РЅРёРµ - Р§РёСЃС‚СЏС‰РёРµ СЃСЂРµРґСЃС‚РІР° РґР»СЏ С…РѕР»РѕРґРёР»СЊРЅРёРєРѕРІ4
2022-12-02 20:28:42,620 INFO d.t.d.m.StartPageMatcher [main] РџСЂРѕРІРµСЂРєР° РЅР° РѕС‚РѕР±СЂР°Р¶РµРЅРёРµ СЃСЃС‹Р»РѕРє РІ СЂР°Р·РґРµР»Рµ Р‘С‹С‚РѕРІР°СЏ С‚РµС…РЅРёРєР° РїСЂРѕС€Р»Р°!
2022-12-02 20:28:42,621 INFO d.t.d.m.StartPageMatcher [main] РџСЂРѕРІРµСЂРєР° РЅР° РєРѕР»РёС‡РµСЃС‚РІРѕ РєР°С‚РµРіРѕСЂРёР№ СЂР°Р·РґРµР»Р° РҐРѕР»РѕРґРёР»СЊРЅРѕРµ РѕР±РѕСЂСѓРґРѕРІР°РЅРёРµ  - РїСЂРѕР№РґРµРЅР°!
2022-12-02 20:28:42,621 INFO d.t.d.m.ElektrikStovePageMatcher [main] РџСЂРѕРІРµСЂРєР° РЅР° РєРѕР»РёС‡РµСЃС‚РІРѕ С‚РѕРІР°СЂР° РІ СЂР°Р·РґРµР»Рµ РџР»РёС‚С‹ СЌР»РµРєС‚СЂРёС‡РµСЃРєРёРµ - РїСЂРѕР№РґРµРЅР°!
2022-12-02 20:28:42,792 INFO d.t.BaseTest [main] Р”СЂР°Р№РІРµСЂ РѕСЃС‚Р°РЅРѕРІР»РµРЅ!
2022-12-02 20:29:02,626 INFO d.t.BaseTest [main] env = chrome
2022-12-02 20:29:02,629 INFO d.t.BaseTest [main] pls = normal
2022-12-02 20:29:02,919 INFO d.d.WebDriverFactory [main] Р”СЂР°Р№РІРµСЂ РґР»СЏ Р±СЂР°СѓР·РµСЂР° Google Chrome
2022-12-02 20:29:02,924 INFO d.d.WebDriverFactory [main] PageLoadStrategy - normal
2022-12-02 20:29:04,267 INFO d.t.BaseTest [main] Р”СЂР°Р№РІРµСЂ СЃС‚Р°СЂС‚РѕРІР°Р»!
2022-12-02 20:29:06,044 INFO d.p.AppliancesPage [main] РћС‚РєСЂС‹С‚Р° СЃС‚СЂР°РЅРёС†Р° https://www.dns-shop.ru/
2022-12-02 20:29:13,207 INFO d.t.d.HW02Case03Test [main] РЎРєСЂРёРЅС€РѕС‚ СЃРѕС…СЂР°РЅРµРЅ.
2022-12-02 20:29:13,975 INFO d.t.BaseTest [main] Р”СЂР°Р№РІРµСЂ РѕСЃС‚Р°РЅРѕРІР»РµРЅ!
2022-12-02 20:29:28,899 INFO d.t.BaseTest [main] env = chrome
2022-12-02 20:29:28,902 INFO d.t.BaseTest [main] pls = normal
2022-12-02 20:29:29,253 INFO d.d.WebDriverFactory [main] Р”СЂР°Р№РІРµСЂ РґР»СЏ Р±СЂР°СѓР·РµСЂР° Google Chrome
2022-12-02 20:29:29,259 INFO d.d.WebDriverFactory [main] PageLoadStrategy - normal
2022-12-02 20:29:30,595 INFO d.t.BaseTest [main] Р”СЂР°Р№РІРµСЂ СЃС‚Р°СЂС‚РѕРІР°Р»!
2022-12-02 20:29:32,718 INFO d.p.AppliancesPage [main] РћС‚РєСЂС‹С‚Р° СЃС‚СЂР°РЅРёС†Р° https://www.dns-shop.ru/
2022-12-02 20:29:36,343 INFO d.t.d.HW02Case03Test [main] РЎРєСЂРёРЅС€РѕС‚ СЃРѕС…СЂР°РЅРµРЅ.
2022-12-02 20:29:40,602 INFO d.t.d.HW02Case03Test [main] РЎРєСЂРёРЅС€РѕС‚ СЃРѕС…СЂР°РЅРµРЅ.
2022-12-02 20:29:42,463 INFO d.l.Listener [main] РќР°Р№РґРµРЅ РІРµР± СЌР»РµРјРµРЅС‚.
2022-12-02 20:29:46,402 INFO d.l.Listener [main] РЎРєСЂРёРЅС€РѕС‚ СЃРѕС…СЂР°РЅРµРЅ.
2022-12-02 20:29:48,473 INFO d.l.Listener [main] РќР°Р№РґРµРЅ РІРµР± СЌР»РµРјРµРЅС‚.
2022-12-02 20:29:51,778 INFO d.l.Listener [main] РЎРєСЂРёРЅС€РѕС‚ СЃРѕС…СЂР°РЅРµРЅ.
2022-12-02 20:29:54,921 INFO d.t.d.HW02Case03Test [main] РЎРєСЂРёРЅС€РѕС‚ СЃРѕС…СЂР°РЅРµРЅ.
2022-12-02 20:29:56,987 INFO d.l.Listener [main] РќР°Р№РґРµРЅ РІРµР± СЌР»РµРјРµРЅС‚.
2022-12-02 20:30:00,410 INFO d.l.Listener [main] РЎРєСЂРёРЅС€РѕС‚ СЃРѕС…СЂР°РЅРµРЅ.
2022-12-02 20:30:00,453 INFO d.l.Listener [main] РќР°Р№РґРµРЅ РІРµР± СЌР»РµРјРµРЅС‚.
2022-12-02 20:30:03,720 INFO d.l.Listener [main] РЎРєСЂРёРЅС€РѕС‚ СЃРѕС…СЂР°РЅРµРЅ.
2022-12-02 20:30:03,787 INFO d.l.Listener [main] РџСЂРѕРёР·РІРµРґРµРЅРѕ РЅР°Р¶Р°С‚РёРµ.
2022-12-02 20:30:03,803 INFO d.l.Listener [main] РќР°Р№РґРµРЅ РІРµР± СЌР»РµРјРµРЅС‚.
2022-12-02 20:30:06,884 INFO d.l.Listener [main] РЎРєСЂРёРЅС€РѕС‚ СЃРѕС…СЂР°РЅРµРЅ.
2022-12-02 20:30:06,970 INFO d.l.Listener [main] РќР°Р№РґРµРЅ РІРµР± СЌР»РµРјРµРЅС‚.
2022-12-02 20:30:10,293 INFO d.l.Listener [main] РЎРєСЂРёРЅС€РѕС‚ СЃРѕС…СЂР°РЅРµРЅ.
2022-12-02 20:30:10,339 INFO d.l.Listener [main] РќР°Р№РґРµРЅ РІРµР± СЌР»РµРјРµРЅС‚.
2022-12-02 20:30:13,640 INFO d.l.Listener [main] РЎРєСЂРёРЅС€РѕС‚ СЃРѕС…СЂР°РЅРµРЅ.
2022-12-02 20:30:13,694 INFO d.l.Listener [main] РќР°Р№РґРµРЅ РІРµР± СЌР»РµРјРµРЅС‚.
2022-12-02 20:30:17,060 INFO d.l.Listener [main] РЎРєСЂРёРЅС€РѕС‚ СЃРѕС…СЂР°РЅРµРЅ.
2022-12-02 20:30:17,121 INFO d.l.Listener [main] РџСЂРѕРёР·РІРµРґРµРЅРѕ РЅР°Р¶Р°С‚РёРµ.
2022-12-02 20:30:19,172 INFO d.l.Listener [main] РќР°Р№РґРµРЅ РІРµР± СЌР»РµРјРµРЅС‚.
2022-12-02 20:30:22,326 INFO d.l.Listener [main] РЎРєСЂРёРЅС€РѕС‚ СЃРѕС…СЂР°РЅРµРЅ.
2022-12-02 20:30:22,366 INFO d.l.Listener [main] РќР°Р№РґРµРЅ РІРµР± СЌР»РµРјРµРЅС‚.
2022-12-02 20:30:25,565 INFO d.l.Listener [main] РЎРєСЂРёРЅС€РѕС‚ СЃРѕС…СЂР°РЅРµРЅ.
2022-12-02 20:30:25,601 INFO d.l.Listener [Forwarding actions on session 39dc408886d12ba9f210627653d321db to remote] РќР°Р№РґРµРЅ РІРµР± СЌР»РµРјРµРЅС‚.
2022-12-02 20:30:28,818 INFO d.l.Listener [Forwarding actions on session 39dc408886d12ba9f210627653d321db to remote] РЎРєСЂРёРЅС€РѕС‚ СЃРѕС…СЂР°РЅРµРЅ.
2022-12-02 20:30:28,992 INFO d.l.Listener [main] РќР°Р№РґРµРЅ РІРµР± СЌР»РµРјРµРЅС‚.
2022-12-02 20:30:32,144 INFO d.l.Listener [main] РЎРєСЂРёРЅС€РѕС‚ СЃРѕС…СЂР°РЅРµРЅ.
2022-12-02 20:30:32,211 INFO d.l.Listener [main] РџСЂРѕРёР·РІРµРґРµРЅРѕ РЅР°Р¶Р°С‚РёРµ.
2022-12-02 20:30:32,236 INFO d.l.Listener [main] РќР°Р№РґРµРЅС‹ РІРµР± СЌР»РµРјРµРЅС‚С‹.
2022-12-02 20:30:35,535 INFO d.l.Listener [main] РЎРєСЂРёРЅС€РѕС‚ СЃРѕС…СЂР°РЅРµРЅ.
2022-12-02 20:30:35,566 INFO d.l.Listener [main] РџРѕР»СѓС‡РµРЅ С‚РµРєСЃС‚.
2022-12-02 20:30:35,641 INFO d.l.Listener [main] РџСЂРѕРёР·РІРµРґРµРЅРѕ РЅР°Р¶Р°С‚РёРµ.
2022-12-02 20:30:37,670 INFO d.l.Listener [main] РќР°Р№РґРµРЅ РІРµР± СЌР»РµРјРµРЅС‚.
2022-12-02 20:30:40,816 INFO d.l.Listener [main] РЎРєСЂРёРЅС€РѕС‚ СЃРѕС…СЂР°РЅРµРЅ.
2022-12-02 20:30:40,851 INFO d.l.Listener [main] РќР°Р№РґРµРЅ РІРµР± СЌР»РµРјРµРЅС‚.
2022-12-02 20:30:44,016 INFO d.l.Listener [main] РЎРєСЂРёРЅС€РѕС‚ СЃРѕС…СЂР°РЅРµРЅ.
2022-12-02 20:30:44,051 INFO d.l.Listener [main] РќР°Р№РґРµРЅ РІРµР± СЌР»РµРјРµРЅС‚.
2022-12-02 20:30:47,191 INFO d.l.Listener [main] РЎРєСЂРёРЅС€РѕС‚ СЃРѕС…СЂР°РЅРµРЅ.
2022-12-02 20:30:47,261 INFO d.l.Listener [main] РџСЂРѕРёР·РІРµРґРµРЅРѕ РЅР°Р¶Р°С‚РёРµ.
2022-12-02 20:30:50,392 INFO d.t.d.HW02Case03Test [main] РЎРєСЂРёРЅС€РѕС‚ СЃРѕС…СЂР°РЅРµРЅ.
2022-12-02 20:30:50,421 INFO d.l.Listener [main] РќР°Р№РґРµРЅ РІРµР± СЌР»РµРјРµРЅС‚.
2022-12-02 20:30:52,747 INFO d.l.Listener [main] РЎРєСЂРёРЅС€РѕС‚ СЃРѕС…СЂР°РЅРµРЅ.
2022-12-02 20:30:52,783 INFO d.l.Listener [main] РќР°Р№РґРµРЅ РІРµР± СЌР»РµРјРµРЅС‚.
2022-12-02 20:30:55,077 INFO d.l.Listener [main] РЎРєСЂРёРЅС€РѕС‚ СЃРѕС…СЂР°РЅРµРЅ.
2022-12-02 20:30:55,110 INFO d.l.Listener [Forwarding actions on session 39dc408886d12ba9f210627653d321db to remote] РќР°Р№РґРµРЅ РІРµР± СЌР»РµРјРµРЅС‚.
2022-12-02 20:30:57,416 INFO d.l.Listener [Forwarding actions on session 39dc408886d12ba9f210627653d321db to remote] РЎРєСЂРёРЅС€РѕС‚ СЃРѕС…СЂР°РЅРµРЅ.
2022-12-02 20:30:57,571 INFO d.l.Listener [main] РќР°Р№РґРµРЅ РІРµР± СЌР»РµРјРµРЅС‚.
2022-12-02 20:30:59,662 INFO d.l.Listener [main] РЎРєСЂРёРЅС€РѕС‚ СЃРѕС…СЂР°РЅРµРЅ.
2022-12-02 20:30:59,717 INFO d.l.Listener [main] РџСЂРѕРёР·РІРµРґРµРЅРѕ РЅР°Р¶Р°С‚РёРµ.
2022-12-02 20:30:59,735 INFO d.l.Listener [main] РќР°Р№РґРµРЅС‹ РІРµР± СЌР»РµРјРµРЅС‚С‹.
2022-12-02 20:31:01,819 INFO d.l.Listener [main] РЎРєСЂРёРЅС€РѕС‚ СЃРѕС…СЂР°РЅРµРЅ.
2022-12-02 20:31:01,841 INFO d.l.Listener [main] РџРѕР»СѓС‡РµРЅ С‚РµРєСЃС‚.
2022-12-02 20:31:01,909 INFO d.l.Listener [main] РџСЂРѕРёР·РІРµРґРµРЅРѕ РЅР°Р¶Р°С‚РёРµ.
2022-12-02 20:31:06,325 INFO d.t.d.HW02Case03Test [main] РЎРєСЂРёРЅС€РѕС‚ СЃРѕС…СЂР°РЅРµРЅ.
2022-12-02 20:31:06,353 INFO d.l.Listener [main] РќР°Р№РґРµРЅ РІРµР± СЌР»РµРјРµРЅС‚.
2022-12-02 20:31:08,648 INFO d.l.Listener [main] РЎРєСЂРёРЅС€РѕС‚ СЃРѕС…СЂР°РЅРµРЅ.
2022-12-02 20:31:08,677 INFO d.l.Listener [main] РќР°Р№РґРµРЅ РІРµР± СЌР»РµРјРµРЅС‚.
2022-12-02 20:31:11,059 INFO d.l.Listener [main] РЎРєСЂРёРЅС€РѕС‚ СЃРѕС…СЂР°РЅРµРЅ.
2022-12-02 20:31:11,081 INFO d.l.Listener [main] РџРѕР»СѓС‡РµРЅ С‚РµРєСЃС‚.
2022-12-02 20:31:11,092 INFO d.l.Listener [main] РќР°Р№РґРµРЅ РІРµР± СЌР»РµРјРµРЅС‚.
2022-12-02 20:31:13,275 INFO d.l.Listener [main] РЎРєСЂРёРЅС€РѕС‚ СЃРѕС…СЂР°РЅРµРЅ.
2022-12-02 20:31:17,820 INFO d.t.d.HW02Case03Test [main] РЎРєСЂРёРЅС€РѕС‚ СЃРѕС…СЂР°РЅРµРЅ.
2022-12-02 20:31:19,861 INFO d.l.Listener [main] РќР°Р№РґРµРЅ РІРµР± СЌР»РµРјРµРЅС‚.
2022-12-02 20:31:21,474 INFO d.l.Listener [main] РЎРєСЂРёРЅС€РѕС‚ СЃРѕС…СЂР°РЅРµРЅ.
2022-12-02 20:31:21,510 INFO d.l.Listener [main] РќР°Р№РґРµРЅ РІРµР± СЌР»РµРјРµРЅС‚.
2022-12-02 20:31:23,021 INFO d.l.Listener [main] РЎРєСЂРёРЅС€РѕС‚ СЃРѕС…СЂР°РЅРµРЅ.
2022-12-02 20:31:23,053 INFO d.l.Listener [main] РќР°Р№РґРµРЅ РІРµР± СЌР»РµРјРµРЅС‚.
2022-12-02 20:31:24,524 INFO d.l.Listener [main] РЎРєСЂРёРЅС€РѕС‚ СЃРѕС…СЂР°РЅРµРЅ.
2022-12-02 20:31:24,626 INFO d.l.Listener [main] РџСЂРѕРёР·РІРµРґРµРЅРѕ РЅР°Р¶Р°С‚РёРµ.
2022-12-02 20:31:24,639 INFO d.t.d.m.LaptopProductPageMatcher [main] Р—Р°РіРѕР»РѕРІРѕРє СЃС‚СЂР°РЅРёС†С‹ СЃРѕРѕС‚РІРµС‚СЃС‚РІСѓРµС‚ РѕР¶РёРґР°РµРјРѕРјСѓ.
2022-12-02 20:31:24,658 INFO d.l.Listener [main] РќР°Р№РґРµРЅ РІРµР± СЌР»РµРјРµРЅС‚.
2022-12-02 20:31:27,695 INFO d.l.Listener [main] РЎРєСЂРёРЅС€РѕС‚ СЃРѕС…СЂР°РЅРµРЅ.
2022-12-02 20:31:27,720 INFO d.l.Listener [main] РџРѕР»СѓС‡РµРЅ С‚РµРєСЃС‚.
2022-12-02 20:31:27,720 INFO d.t.d.m.LaptopProductPageMatcher [main] Р—Р°РіРѕР»РѕРІРѕРє Р±Р»РѕРєР° С…Р°СЂР°РєС‚РµСЂРёСЃС‚РёРє СЃРѕРѕС‚РІРµС‚СЃС‚РІСѓРµС‚ РѕР¶РёРґР°РµРјРѕРјСѓ.
2022-12-02 20:31:27,736 INFO d.l.Listener [main] РќР°Р№РґРµРЅ РІРµР± СЌР»РµРјРµРЅС‚.
2022-12-02 20:31:30,864 INFO d.l.Listener [main] РЎРєСЂРёРЅС€РѕС‚ СЃРѕС…СЂР°РЅРµРЅ.
2022-12-02 20:31:30,889 INFO d.l.Listener [main] РџРѕР»СѓС‡РµРЅ С‚РµРєСЃС‚.
2022-12-02 20:31:30,889 INFO d.t.d.m.LaptopProductPageMatcher [main] Р’ Р±Р»РѕРєРµ РҐР°СЂР°РєС‚РµСЂРёСЃС‚РёРєРё Р·РЅР°С‡РµРЅРёРµ РћР±СЉРµРј РѕРїРµСЂР°С‚РёРІРЅРѕР№ РїР°РјСЏС‚Рё СЂР°РІРЅРѕ 32 Р“Р‘.
2022-12-02 20:31:31,196 INFO d.t.BaseTest [main] Р”СЂР°Р№РІРµСЂ РѕСЃС‚Р°РЅРѕРІР»РµРЅ!
2022-12-02 20:35:06,001 INFO d.t.BaseTest [main] env = chrome
2022-12-02 20:35:06,004 INFO d.t.BaseTest [main] pls = normal
2022-12-02 20:35:06,321 INFO d.d.WebDriverFactory [main] Драйвер для браузера Google Chrome
2022-12-02 20:35:06,329 INFO d.d.WebDriverFactory [main] PageLoadStrategy - normal
2022-12-02 20:35:07,773 INFO d.t.BaseTest [main] Драйвер стартовал!
2022-12-02 20:35:10,101 INFO d.p.AppliancesPage [main] Открыта страница https://www.dns-shop.ru/
2022-12-02 20:35:10,151 INFO d.t.d.HW01Case01Test [main] Заголовок страницы - DNS – интернет магазин цифровой и бытовой техники по доступным ценам.
2022-12-02 20:35:10,182 INFO d.t.d.HW01Case01Test [main] Текущий URL - https://www.dns-shop.ru/
2022-12-02 20:35:10,204 INFO d.t.d.HW01Case01Test [main] Размеры окна браузера - (1536, 864)
2022-12-02 20:35:13,381 INFO d.p.AppliancesPage [main] Техника для кухни - Плиты и печи
2022-12-02 20:35:13,395 INFO d.p.AppliancesPage [main] Техника для кухни - Холодильное оборудование
2022-12-02 20:35:13,407 INFO d.p.AppliancesPage [main] Техника для кухни - Посудомоечные машины
2022-12-02 20:35:13,425 INFO d.p.AppliancesPage [main] Техника для кухни - Приготовление напитков
2022-12-02 20:35:13,461 INFO d.p.AppliancesPage [main] Техника для кухни - Нарезка и смешивание
2022-12-02 20:35:13,478 INFO d.p.AppliancesPage [main] Техника для кухни - Грили, сэндвичницы, шашлычницы
2022-12-02 20:35:13,494 INFO d.p.AppliancesPage [main] Техника для кухни - Фритюрницы и тостеры
2022-12-02 20:35:13,508 INFO d.p.AppliancesPage [main] Техника для кухни - Мультиварки и техника для варки
2022-12-02 20:35:13,526 INFO d.p.AppliancesPage [main] Техника для кухни - Приготовление десертов
2022-12-02 20:35:13,543 INFO d.p.AppliancesPage [main] Техника для кухни - Вакуумная упаковка
2022-12-02 20:35:13,561 INFO d.p.AppliancesPage [main] Техника для кухни - Измерения
2022-12-02 20:35:13,586 INFO d.p.AppliancesPage [main] Техника для кухни - Измельчители пищевых отходов
2022-12-02 20:35:13,661 INFO d.p.AppliancesPage [main] Техника для кухни - Прочая техника для кухни
2022-12-02 20:35:13,683 INFO d.p.AppliancesPage [main] Техника для кухни - Посуда и кухонные предметы
2022-12-02 20:35:13,748 INFO d.t.d.m.AppliancesPageMatcher [main] Проверка на отображения текста Бытовая техника - пройдена!
2022-12-02 20:35:13,749 INFO d.t.d.m.KitchenAppliancesPageMatcher [main] Проверка на отображения текста Техника для кухни - пройдена!
2022-12-02 20:35:13,749 INFO d.t.d.m.KitchenAppliancesPageMatcher [main] Проверка на отображения ссылки Собрать свою кухню - пройдена!
2022-12-02 20:35:13,749 INFO d.t.d.m.KitchenAppliancesPageMatcher [main] Проверка на количество категорий раздела Техника для кухни  - пройдена!
2022-12-02 20:35:13,941 INFO d.t.BaseTest [main] Драйвер остановлен!
2022-12-02 20:35:13,950 INFO d.t.BaseTest [main] env = chrome
2022-12-02 20:35:13,950 INFO d.t.BaseTest [main] pls = normal
2022-12-02 20:35:13,972 INFO d.d.WebDriverFactory [main] Драйвер для браузера Google Chrome
2022-12-02 20:35:13,973 INFO d.d.WebDriverFactory [main] PageLoadStrategy - normal
2022-12-02 20:35:14,755 INFO d.t.BaseTest [main] Драйвер стартовал!
2022-12-02 20:35:17,330 INFO d.p.AppliancesPage [main] Открыта страница https://www.dns-shop.ru/
2022-12-02 20:35:18,952 INFO d.p.AppliancesPage [main] Бытовая техника - Встраиваемая техника
2022-12-02 20:35:18,975 INFO d.p.AppliancesPage [main] Бытовая техника - Техника для кухни
2022-12-02 20:35:18,994 INFO d.p.AppliancesPage [main] Бытовая техника - Техника для дома
2022-12-02 20:35:19,681 INFO d.t.d.HW01Case02Test [main] Холодильное оборудование - Холодильники1053
2022-12-02 20:35:19,681 INFO d.t.d.HW01Case02Test [main] Холодильное оборудование - Холодильные витрины15
2022-12-02 20:35:19,681 INFO d.t.d.HW01Case02Test [main] Холодильное оборудование - Встраиваемые холодильники92
2022-12-02 20:35:19,681 INFO d.t.d.HW01Case02Test [main] Холодильное оборудование - Морозильные шкафы155
2022-12-02 20:35:19,681 INFO d.t.d.HW01Case02Test [main] Холодильное оборудование - Морозильные лари165
2022-12-02 20:35:19,681 INFO d.t.d.HW01Case02Test [main] Холодильное оборудование - Встраиваемые морозильные шкафы17
2022-12-02 20:35:19,681 INFO d.t.d.HW01Case02Test [main] Холодильное оборудование - Винные шкафы113
2022-12-02 20:35:19,681 INFO d.t.d.HW01Case02Test [main] Холодильное оборудование - Встраиваемые винные шкафы41
2022-12-02 20:35:19,681 INFO d.t.d.HW01Case02Test [main] Холодильное оборудование - Аксессуары к холодильникам72
2022-12-02 20:35:19,682 INFO d.t.d.HW01Case02Test [main] Холодильное оборудование - Холодильники автомобильные53
2022-12-02 20:35:19,682 INFO d.t.d.HW01Case02Test [main] Холодильное оборудование - Генераторы льда6
2022-12-02 20:35:19,682 INFO d.t.d.HW01Case02Test [main] Холодильное оборудование - Чистящие средства для холодильников4
2022-12-02 20:35:24,382 INFO d.t.d.m.StartPageMatcher [main] Проверка на отображение ссылок в разделе Бытовая техника прошла!
2022-12-02 20:35:24,382 INFO d.t.d.m.StartPageMatcher [main] Проверка на количество категорий раздела Холодильное оборудование  - пройдена!
2022-12-02 20:35:24,382 INFO d.t.d.m.ElektrikStovePageMatcher [main] Проверка на количество товара в разделе Плиты электрические - пройдена!
2022-12-02 20:35:24,504 INFO d.t.BaseTest [main] Драйвер остановлен!
2022-12-02 20:35:24,508 INFO d.t.BaseTest [main] env = chrome
2022-12-02 20:35:24,508 INFO d.t.BaseTest [main] pls = normal
2022-12-02 20:35:24,528 INFO d.d.WebDriverFactory [main] Драйвер для браузера Google Chrome
2022-12-02 20:35:24,528 INFO d.d.WebDriverFactory [main] PageLoadStrategy - normal
2022-12-02 20:35:25,258 INFO d.t.BaseTest [main] Драйвер стартовал!
2022-12-02 20:35:27,809 INFO d.p.AppliancesPage [main] Открыта страница https://www.dns-shop.ru/
2022-12-02 20:35:30,802 INFO d.t.d.HW02Case03Test [main] Скриншот сохранен.
2022-12-02 20:35:34,886 INFO d.t.d.HW02Case03Test [main] Скриншот сохранен.
2022-12-02 20:35:36,859 INFO d.l.Listener [main] Найден веб элемент.
2022-12-02 20:35:40,835 INFO d.l.Listener [main] Скриншот сохранен.
2022-12-02 20:35:42,883 INFO d.l.Listener [main] Найден веб элемент.
2022-12-02 20:35:46,077 INFO d.l.Listener [main] Скриншот сохранен.
2022-12-02 20:35:49,003 INFO d.t.d.HW02Case03Test [main] Скриншот сохранен.
2022-12-02 20:35:51,053 INFO d.l.Listener [main] Найден веб элемент.
2022-12-02 20:35:54,349 INFO d.l.Listener [main] Скриншот сохранен.
2022-12-02 20:35:54,389 INFO d.l.Listener [main] Найден веб элемент.
2022-12-02 20:35:57,585 INFO d.l.Listener [main] Скриншот сохранен.
2022-12-02 20:35:57,667 INFO d.l.Listener [main] Произведено нажатие.
2022-12-02 20:35:57,682 INFO d.l.Listener [main] Найден веб элемент.
2022-12-02 20:36:00,876 INFO d.l.Listener [main] Скриншот сохранен.
2022-12-02 20:36:00,954 INFO d.l.Listener [main] Найден веб элемент.
2022-12-02 20:36:04,243 INFO d.l.Listener [main] Скриншот сохранен.
2022-12-02 20:36:04,280 INFO d.l.Listener [main] Найден веб элемент.
2022-12-02 20:36:07,276 INFO d.l.Listener [main] Скриншот сохранен.
2022-12-02 20:36:07,311 INFO d.l.Listener [main] Найден веб элемент.
2022-12-02 20:36:10,474 INFO d.l.Listener [main] Скриншот сохранен.
2022-12-02 20:36:10,541 INFO d.l.Listener [main] Произведено нажатие.
2022-12-02 20:36:12,585 INFO d.l.Listener [main] Найден веб элемент.
2022-12-02 20:36:15,572 INFO d.l.Listener [main] Скриншот сохранен.
2022-12-02 20:36:15,614 INFO d.l.Listener [main] Найден веб элемент.
2022-12-02 20:36:18,676 INFO d.l.Listener [main] Скриншот сохранен.
2022-12-02 20:36:18,713 INFO d.l.Listener [Forwarding actions on session 3e1163b87547d9daf39344c32adc03e9 to remote] Найден веб элемент.
2022-12-02 20:36:21,788 INFO d.l.Listener [Forwarding actions on session 3e1163b87547d9daf39344c32adc03e9 to remote] Скриншот сохранен.
2022-12-02 20:36:21,944 INFO d.l.Listener [main] Найден веб элемент.
2022-12-02 20:36:25,144 INFO d.l.Listener [main] Скриншот сохранен.
2022-12-02 20:36:25,219 INFO d.l.Listener [main] Произведено нажатие.
2022-12-02 20:36:25,241 INFO d.l.Listener [main] Найдены веб элементы.
2022-12-02 20:36:28,396 INFO d.l.Listener [main] Скриншот сохранен.
2022-12-02 20:36:28,423 INFO d.l.Listener [main] Получен текст.
2022-12-02 20:36:28,501 INFO d.l.Listener [main] Произведено нажатие.
2022-12-02 20:36:30,544 INFO d.l.Listener [main] Найден веб элемент.
2022-12-02 20:36:33,457 INFO d.l.Listener [main] Скриншот сохранен.
2022-12-02 20:36:33,496 INFO d.l.Listener [main] Найден веб элемент.
2022-12-02 20:36:36,450 INFO d.l.Listener [main] Скриншот сохранен.
2022-12-02 20:36:36,484 INFO d.l.Listener [main] Найден веб элемент.
2022-12-02 20:36:39,337 INFO d.l.Listener [main] Скриншот сохранен.
2022-12-02 20:36:39,406 INFO d.l.Listener [main] Произведено нажатие.
2022-12-02 20:36:42,412 INFO d.t.d.HW02Case03Test [main] Скриншот сохранен.
2022-12-02 20:36:42,441 INFO d.l.Listener [main] Найден веб элемент.
2022-12-02 20:36:44,624 INFO d.l.Listener [main] Скриншот сохранен.
2022-12-02 20:36:44,661 INFO d.l.Listener [main] Найден веб элемент.
2022-12-02 20:36:46,770 INFO d.l.Listener [main] Скриншот сохранен.
2022-12-02 20:36:46,807 INFO d.l.Listener [Forwarding actions on session 3e1163b87547d9daf39344c32adc03e9 to remote] Найден веб элемент.
2022-12-02 20:36:48,982 INFO d.l.Listener [Forwarding actions on session 3e1163b87547d9daf39344c32adc03e9 to remote] Скриншот сохранен.
2022-12-02 20:36:49,141 INFO d.l.Listener [main] Найден веб элемент.
2022-12-02 20:36:51,143 INFO d.l.Listener [main] Скриншот сохранен.
2022-12-02 20:36:51,189 INFO d.l.Listener [main] Произведено нажатие.
2022-12-02 20:36:51,205 INFO d.l.Listener [main] Найдены веб элементы.
2022-12-02 20:36:53,305 INFO d.l.Listener [main] Скриншот сохранен.
2022-12-02 20:36:53,327 INFO d.l.Listener [main] Получен текст.
2022-12-02 20:36:53,395 INFO d.l.Listener [main] Произведено нажатие.
2022-12-02 20:36:57,502 INFO d.t.d.HW02Case03Test [main] Скриншот сохранен.
2022-12-02 20:36:57,531 INFO d.l.Listener [main] Найден веб элемент.
2022-12-02 20:36:59,703 INFO d.l.Listener [main] Скриншот сохранен.
2022-12-02 20:36:59,736 INFO d.l.Listener [main] Найден веб элемент.
2022-12-02 20:37:01,864 INFO d.l.Listener [main] Скриншот сохранен.
2022-12-02 20:37:01,890 INFO d.l.Listener [main] Получен текст.
2022-12-02 20:37:01,906 INFO d.l.Listener [main] Найден веб элемент.
2022-12-02 20:37:04,204 INFO d.l.Listener [main] Скриншот сохранен.
2022-12-02 20:37:08,653 INFO d.t.d.HW02Case03Test [main] Скриншот сохранен.
2022-12-02 20:37:10,694 INFO d.l.Listener [main] Найден веб элемент.
2022-12-02 20:37:12,139 INFO d.l.Listener [main] Скриншот сохранен.
2022-12-02 20:37:12,173 INFO d.l.Listener [main] Найден веб элемент.
2022-12-02 20:37:13,612 INFO d.l.Listener [main] Скриншот сохранен.
2022-12-02 20:37:13,640 INFO d.l.Listener [main] Найден веб элемент.
2022-12-02 20:37:15,074 INFO d.l.Listener [main] Скриншот сохранен.
2022-12-02 20:37:15,205 INFO d.l.Listener [main] Произведено нажатие.
2022-12-02 20:37:15,216 INFO d.t.d.m.LaptopProductPageMatcher [main] Заголовок страницы соответствует ожидаемому.
2022-12-02 20:37:15,233 INFO d.l.Listener [main] Найден веб элемент.
2022-12-02 20:37:18,139 INFO d.l.Listener [main] Скриншот сохранен.
2022-12-02 20:37:18,166 INFO d.l.Listener [main] Получен текст.
2022-12-02 20:37:18,166 INFO d.t.d.m.LaptopProductPageMatcher [main] Заголовок блока характеристик соответствует ожидаемому.
2022-12-02 20:37:18,181 INFO d.l.Listener [main] Найден веб элемент.
2022-12-02 20:37:21,003 INFO d.l.Listener [main] Скриншот сохранен.
2022-12-02 20:37:21,026 INFO d.l.Listener [main] Получен текст.
2022-12-02 20:37:21,026 INFO d.t.d.m.LaptopProductPageMatcher [main] В блоке Характеристики значение Объем оперативной памяти равно 32 ГБ.
2022-12-02 20:37:21,276 INFO d.t.BaseTest [main] Драйвер остановлен!
